  Camera.cpp
  Main.cpp
D:\Documents\Universidad\Computacion Grafica\ProyectoFinalCG\ProyectoCGeIH\ProyectoFinalCG\ProyectoFinalCG\Main.cpp(13,10): warning C4067: símbolos (token) inesperados después de la directiva del preprocesador; se esperaba una nueva línea
D:\Documents\Universidad\Computacion Grafica\ProyectoFinalCG\ProyectoCGeIH\ProyectoFinalCG\ProyectoFinalCG\Window.h(12,36): warning C4244: 'return': conversión de 'GLint' a 'GLfloat'; posible pérdida de datos
D:\Documents\Universidad\Computacion Grafica\ProyectoFinalCG\ProyectoCGeIH\ProyectoFinalCG\ProyectoFinalCG\Window.h(13,37): warning C4244: 'return': conversión de 'GLint' a 'GLfloat'; posible pérdida de datos
D:\Documents\Universidad\Computacion Grafica\ProyectoFinalCG\ProyectoCGeIH\ProyectoFinalCG\ProyectoFinalCG\Window.h(18,36): warning C4244: 'return': conversión de 'int' a 'GLfloat'; posible pérdida de datos
D:\Documents\Universidad\Computacion Grafica\ProyectoFinalCG\ProyectoCGeIH\ProyectoFinalCG\ProyectoFinalCG\Main.cpp(443,15): warning C4244: 'inicializando': conversión de 'double' a 'GLfloat'; posible pérdida de datos
D:\Documents\Universidad\Computacion Grafica\ProyectoFinalCG\ProyectoCGeIH\ProyectoFinalCG\ProyectoFinalCG\Main.cpp(449,33): warning C4244: '+=': conversión de 'double' a 'GLfloat'; posible pérdida de datos
D:\Documents\Universidad\Computacion Grafica\ProyectoFinalCG\ProyectoCGeIH\ProyectoFinalCG\ProyectoFinalCG\Main.cpp(749,20): warning C4305: '+=': truncamiento de 'double' a 'float'
  DirectionalLight.cpp
D:\Documents\Universidad\Computacion Grafica\ProyectoFinalCG\ProyectoCGeIH\ProyectoFinalCG\ProyectoFinalCG\DirectionalLight.cpp(18,14): warning C4244: 'argumento': conversión de 'GLfloat' a 'GLint'; posible pérdida de datos
D:\Documents\Universidad\Computacion Grafica\ProyectoFinalCG\ProyectoCGeIH\ProyectoFinalCG\ProyectoFinalCG\DirectionalLight.cpp(19,14): warning C4244: 'argumento': conversión de 'GLfloat' a 'GLint'; posible pérdida de datos
D:\Documents\Universidad\Computacion Grafica\ProyectoFinalCG\ProyectoCGeIH\ProyectoFinalCG\ProyectoFinalCG\DirectionalLight.cpp(21,14): warning C4244: 'argumento': conversión de 'GLfloat' a 'GLint'; posible pérdida de datos
D:\Documents\Universidad\Computacion Grafica\ProyectoFinalCG\ProyectoCGeIH\ProyectoFinalCG\ProyectoFinalCG\DirectionalLight.cpp(22,14): warning C4244: 'argumento': conversión de 'GLfloat' a 'GLint'; posible pérdida de datos
  Light.cpp
  Material.cpp
  Mesh.cpp
  Model.cpp
D:\Documents\Universidad\Computacion Grafica\ProyectoFinalCG\ProyectoCGeIH\ProyectoFinalCG\ProyectoFinalCG\Model.cpp(16,10): warning C4477: 'printf' : la cadena de formato '%s' requiere un argumento de tipo 'char *', pero el argumento variádico 1 tiene el tipo 'const std::string'
D:\Documents\Universidad\Computacion Grafica\ProyectoFinalCG\ProyectoCGeIH\ProyectoFinalCG\ProyectoFinalCG\Model.cpp(16,80): warning C4474: "printf": se pasaron demasiados argumentos para la cadena de formato
D:\Documents\Universidad\Computacion Grafica\ProyectoFinalCG\ProyectoCGeIH\ProyectoFinalCG\ProyectoFinalCG\Model.cpp(16,80): message : los marcadores de posición y sus parámetros esperan 1 argumentos variádicos, pero se proporcionaron 2
D:\Documents\Universidad\Computacion Grafica\ProyectoFinalCG\ProyectoCGeIH\ProyectoFinalCG\ProyectoFinalCG\Model.cpp(51,7): warning C4804: '<': uso no seguro del tipo 'bool' en la operación
D:\Documents\Universidad\Computacion Grafica\ProyectoFinalCG\ProyectoCGeIH\ProyectoFinalCG\ProyectoFinalCG\Model.cpp(51,21): warning C4018: '<': no coinciden signed/unsigned
D:\Documents\Universidad\Computacion Grafica\ProyectoFinalCG\ProyectoCGeIH\ProyectoFinalCG\ProyectoFinalCG\Model.cpp(138,14): warning C4477: 'printf' : la cadena de formato '%s' requiere un argumento de tipo 'char *', pero el argumento variádico 1 tiene el tipo 'std::string'
D:\Documents\Universidad\Computacion Grafica\ProyectoFinalCG\ProyectoCGeIH\ProyectoFinalCG\ProyectoFinalCG\Model.cpp(147,14): warning C4477: 'printf' : la cadena de formato '%s' requiere un argumento de tipo 'char *', pero el argumento variádico 1 tiene el tipo 'std::string'
  PointLight.cpp
D:\Documents\Universidad\Computacion Grafica\ProyectoFinalCG\ProyectoCGeIH\ProyectoFinalCG\ProyectoFinalCG\PointLight.cpp(28,14): warning C4244: 'argumento': conversión de 'GLfloat' a 'GLint'; posible pérdida de datos
D:\Documents\Universidad\Computacion Grafica\ProyectoFinalCG\ProyectoCGeIH\ProyectoFinalCG\ProyectoFinalCG\PointLight.cpp(29,14): warning C4244: 'argumento': conversión de 'GLfloat' a 'GLint'; posible pérdida de datos
D:\Documents\Universidad\Computacion Grafica\ProyectoFinalCG\ProyectoCGeIH\ProyectoFinalCG\ProyectoFinalCG\PointLight.cpp(30,14): warning C4244: 'argumento': conversión de 'GLfloat' a 'GLint'; posible pérdida de datos
D:\Documents\Universidad\Computacion Grafica\ProyectoFinalCG\ProyectoCGeIH\ProyectoFinalCG\ProyectoFinalCG\PointLight.cpp(32,14): warning C4244: 'argumento': conversión de 'GLfloat' a 'GLint'; posible pérdida de datos
D:\Documents\Universidad\Computacion Grafica\ProyectoFinalCG\ProyectoCGeIH\ProyectoFinalCG\ProyectoFinalCG\PointLight.cpp(33,14): warning C4244: 'argumento': conversión de 'GLfloat' a 'GLint'; posible pérdida de datos
D:\Documents\Universidad\Computacion Grafica\ProyectoFinalCG\ProyectoCGeIH\ProyectoFinalCG\ProyectoFinalCG\PointLight.cpp(34,14): warning C4244: 'argumento': conversión de 'GLfloat' a 'GLint'; posible pérdida de datos
D:\Documents\Universidad\Computacion Grafica\ProyectoFinalCG\ProyectoCGeIH\ProyectoFinalCG\ProyectoFinalCG\PointLight.cpp(35,14): warning C4244: 'argumento': conversión de 'GLfloat' a 'GLint'; posible pérdida de datos
  Shader_light.cpp
D:\Documents\Universidad\Computacion Grafica\ProyectoFinalCG\ProyectoCGeIH\ProyectoFinalCG\ProyectoFinalCG\Shader_light.cpp(215,75): warning C4244: 'argumento': conversión de 'GLuint' a 'GLfloat'; posible pérdida de datos
D:\Documents\Universidad\Computacion Grafica\ProyectoFinalCG\ProyectoCGeIH\ProyectoFinalCG\ProyectoFinalCG\Shader_light.cpp(215,26): warning C4244: 'argumento': conversión de 'GLuint' a 'GLfloat'; posible pérdida de datos
D:\Documents\Universidad\Computacion Grafica\ProyectoFinalCG\ProyectoCGeIH\ProyectoFinalCG\ProyectoFinalCG\Shader_light.cpp(214,91): warning C4244: 'argumento': conversión de 'GLuint' a 'GLfloat'; posible pérdida de datos
D:\Documents\Universidad\Computacion Grafica\ProyectoFinalCG\ProyectoCGeIH\ProyectoFinalCG\ProyectoFinalCG\Shader_light.cpp(214,42): warning C4244: 'argumento': conversión de 'GLuint' a 'GLfloat'; posible pérdida de datos
D:\Documents\Universidad\Computacion Grafica\ProyectoFinalCG\ProyectoCGeIH\ProyectoFinalCG\ProyectoFinalCG\Shader_light.cpp(228,98): warning C4244: 'argumento': conversión de 'GLuint' a 'GLfloat'; posible pérdida de datos
D:\Documents\Universidad\Computacion Grafica\ProyectoFinalCG\ProyectoCGeIH\ProyectoFinalCG\ProyectoFinalCG\Shader_light.cpp(228,62): warning C4244: 'argumento': conversión de 'GLuint' a 'GLfloat'; posible pérdida de datos
D:\Documents\Universidad\Computacion Grafica\ProyectoFinalCG\ProyectoCGeIH\ProyectoFinalCG\ProyectoFinalCG\Shader_light.cpp(228,24): warning C4244: 'argumento': conversión de 'GLuint' a 'GLfloat'; posible pérdida de datos
D:\Documents\Universidad\Computacion Grafica\ProyectoFinalCG\ProyectoCGeIH\ProyectoFinalCG\ProyectoFinalCG\Shader_light.cpp(227,70): warning C4244: 'argumento': conversión de 'GLuint' a 'GLfloat'; posible pérdida de datos
D:\Documents\Universidad\Computacion Grafica\ProyectoFinalCG\ProyectoCGeIH\ProyectoFinalCG\ProyectoFinalCG\Shader_light.cpp(227,24): warning C4244: 'argumento': conversión de 'GLuint' a 'GLfloat'; posible pérdida de datos
D:\Documents\Universidad\Computacion Grafica\ProyectoFinalCG\ProyectoCGeIH\ProyectoFinalCG\ProyectoFinalCG\Shader_light.cpp(226,88): warning C4244: 'argumento': conversión de 'GLuint' a 'GLfloat'; posible pérdida de datos
D:\Documents\Universidad\Computacion Grafica\ProyectoFinalCG\ProyectoCGeIH\ProyectoFinalCG\ProyectoFinalCG\Shader_light.cpp(226,42): warning C4244: 'argumento': conversión de 'GLuint' a 'GLfloat'; posible pérdida de datos
  Skybox.cpp
  Sphere.cpp
D:\Documents\Universidad\Computacion Grafica\ProyectoFinalCG\ProyectoCGeIH\ProyectoFinalCG\ProyectoFinalCG\Sphere.cpp(39,13): warning C4244: 'inicializando': conversión de 'double' a 'float'; posible pérdida de datos
D:\Documents\Universidad\Computacion Grafica\ProyectoFinalCG\ProyectoCGeIH\ProyectoFinalCG\ProyectoFinalCG\Sphere.cpp(43,16): warning C4244: 'inicializando': conversión de 'double' a 'float'; posible pérdida de datos
  SpotLight.cpp
  Texture.cpp
  Window.cpp
D:\Documents\Universidad\Computacion Grafica\ProyectoFinalCG\ProyectoCGeIH\ProyectoFinalCG\ProyectoFinalCG\Window.h(12,36): warning C4244: 'return': conversión de 'GLint' a 'GLfloat'; posible pérdida de datos
D:\Documents\Universidad\Computacion Grafica\ProyectoFinalCG\ProyectoCGeIH\ProyectoFinalCG\ProyectoFinalCG\Window.h(13,37): warning C4244: 'return': conversión de 'GLint' a 'GLfloat'; posible pérdida de datos
D:\Documents\Universidad\Computacion Grafica\ProyectoFinalCG\ProyectoCGeIH\ProyectoFinalCG\ProyectoFinalCG\Window.h(18,36): warning C4244: 'return': conversión de 'int' a 'GLfloat'; posible pérdida de datos
D:\Documents\Universidad\Computacion Grafica\ProyectoFinalCG\ProyectoCGeIH\ProyectoFinalCG\ProyectoFinalCG\Window.cpp(153,22): warning C4244: '=': conversión de 'double' a 'GLfloat'; posible pérdida de datos
D:\Documents\Universidad\Computacion Grafica\ProyectoFinalCG\ProyectoCGeIH\ProyectoFinalCG\ProyectoFinalCG\Window.cpp(154,22): warning C4244: '=': conversión de 'double' a 'GLfloat'; posible pérdida de datos
D:\Documents\Universidad\Computacion Grafica\ProyectoFinalCG\ProyectoCGeIH\ProyectoFinalCG\ProyectoFinalCG\Window.cpp(158,28): warning C4244: '=': conversión de 'double' a 'GLfloat'; posible pérdida de datos
D:\Documents\Universidad\Computacion Grafica\ProyectoFinalCG\ProyectoCGeIH\ProyectoFinalCG\ProyectoFinalCG\Window.cpp(159,40): warning C4244: '=': conversión de 'double' a 'GLfloat'; posible pérdida de datos
D:\Documents\Universidad\Computacion Grafica\ProyectoFinalCG\ProyectoCGeIH\ProyectoFinalCG\ProyectoFinalCG\Window.cpp(161,21): warning C4244: '=': conversión de 'double' a 'GLfloat'; posible pérdida de datos
D:\Documents\Universidad\Computacion Grafica\ProyectoFinalCG\ProyectoCGeIH\ProyectoFinalCG\ProyectoFinalCG\Window.cpp(162,21): warning C4244: '=': conversión de 'double' a 'GLfloat'; posible pérdida de datos
  Generando código...
D:\Documents\Universidad\Computacion Grafica\ProyectoFinalCG\ProyectoCGeIH\ProyectoFinalCG\ProyectoFinalCG\Window.cpp(77): warning C4715: 'Window::Initialise': no todas las rutas de acceso de control devuelven un valor
LINK : warning LNK4098: la biblioteca predeterminada'MSVCRT' entra en conflicto con otras bibliotecas; use la biblioteca /NODEFAULTLIB:biblioteca
  ProyectoFinalCG.vcxproj -> D:\Documents\Universidad\Computacion Grafica\ProyectoFinalCG\ProyectoCGeIH\ProyectoFinalCG\Debug\ProyectoFinalCG.exe
