d:\documents\universidad\computacion grafica\proyectofinalcg\proyectocgeih\proyectofinalcg\proyectofinalcg\debug\vc143.pdb
d:\documents\universidad\computacion grafica\proyectofinalcg\proyectocgeih\proyectofinalcg\proyectofinalcg\debug\vc143.idb
d:\documents\universidad\computacion grafica\proyectofinalcg\proyectocgeih\proyectofinalcg\proyectofinalcg\debug\window.obj
d:\documents\universidad\computacion grafica\proyectofinalcg\proyectocgeih\proyectofinalcg\proyectofinalcg\debug\texture.obj
d:\documents\universidad\computacion grafica\proyectofinalcg\proyectocgeih\proyectofinalcg\proyectofinalcg\debug\spotlight.obj
d:\documents\universidad\computacion grafica\proyectofinalcg\proyectocgeih\proyectofinalcg\proyectofinalcg\debug\sphere.obj
d:\documents\universidad\computacion grafica\proyectofinalcg\proyectocgeih\proyectofinalcg\proyectofinalcg\debug\skybox.obj
d:\documents\universidad\computacion grafica\proyectofinalcg\proyectocgeih\proyectofinalcg\proyectofinalcg\debug\shader_light.obj
d:\documents\universidad\computacion grafica\proyectofinalcg\proyectocgeih\proyectofinalcg\proyectofinalcg\debug\pointlight.obj
d:\documents\universidad\computacion grafica\proyectofinalcg\proyectocgeih\proyectofinalcg\proyectofinalcg\debug\model.obj
d:\documents\universidad\computacion grafica\proyectofinalcg\proyectocgeih\proyectofinalcg\proyectofinalcg\debug\mesh.obj
d:\documents\universidad\computacion grafica\proyectofinalcg\proyectocgeih\proyectofinalcg\proyectofinalcg\debug\material.obj
d:\documents\universidad\computacion grafica\proyectofinalcg\proyectocgeih\proyectofinalcg\proyectofinalcg\debug\light.obj
d:\documents\universidad\computacion grafica\proyectofinalcg\proyectocgeih\proyectofinalcg\proyectofinalcg\debug\directionallight.obj
d:\documents\universidad\computacion grafica\proyectofinalcg\proyectocgeih\proyectofinalcg\proyectofinalcg\debug\main.obj
d:\documents\universidad\computacion grafica\proyectofinalcg\proyectocgeih\proyectofinalcg\proyectofinalcg\debug\camera.obj
d:\documents\universidad\computacion grafica\proyectofinalcg\proyectocgeih\proyectofinalcg\debug\proyectofinalcg.exe
d:\documents\universidad\computacion grafica\proyectofinalcg\proyectocgeih\proyectofinalcg\proyectofinalcg\debug\proyectofinalcg.ilk
d:\documents\universidad\computacion grafica\proyectofinalcg\proyectocgeih\proyectofinalcg\debug\proyectofinalcg.pdb
d:\documents\universidad\computacion grafica\proyectofinalcg\proyectocgeih\proyectofinalcg\proyectofinalcg\debug\proyectofinalcg.tlog\cl.command.1.tlog
d:\documents\universidad\computacion grafica\proyectofinalcg\proyectocgeih\proyectofinalcg\proyectofinalcg\debug\proyectofinalcg.tlog\cl.read.1.tlog
d:\documents\universidad\computacion grafica\proyectofinalcg\proyectocgeih\proyectofinalcg\proyectofinalcg\debug\proyectofinalcg.tlog\cl.write.1.tlog
d:\documents\universidad\computacion grafica\proyectofinalcg\proyectocgeih\proyectofinalcg\proyectofinalcg\debug\proyectofinalcg.tlog\link.command.1.tlog
d:\documents\universidad\computacion grafica\proyectofinalcg\proyectocgeih\proyectofinalcg\proyectofinalcg\debug\proyectofinalcg.tlog\link.read.1.tlog
d:\documents\universidad\computacion grafica\proyectofinalcg\proyectocgeih\proyectofinalcg\proyectofinalcg\debug\proyectofinalcg.tlog\link.write.1.tlog
